<?xml version="1.0" encoding="UTF-8"?>
<testng-results ignored="0" total="1" passed="1" failed="0" skipped="0">
  <reporter-output>
  </reporter-output>
  <suite started-at="2021-02-08T14:04:40 IST" name="Default suite" finished-at="2021-02-08T14:04:40 IST" duration-ms="221">
    <groups>
    </groups>
    <test started-at="2021-02-08T14:04:40 IST" name="Default test" finished-at="2021-02-08T14:04:40 IST" duration-ms="221">
      <class name="package1.Helloworld">
        <test-method signature="tc1()[pri:0, instance:package1.Helloworld@2cdd0d4b]" started-at="2021-02-08T14:04:40 IST" name="tc1" finished-at="2021-02-08T14:04:40 IST" duration-ms="52" status="PASS">
          <reporter-output>
          </reporter-output>
        </test-method> <!-- tc1 -->
      </class> <!-- package1.Helloworld -->
    </test> <!-- Default test -->
  </suite> <!-- Default suite -->
</testng-results>
